This is pdfTeX, Version 3.14159265-2.6-1.40.18 (MiKTeX 2.9.6500 64-bit) (preloaded format=pdflatex 2018.9.10)  18 SEP 2018 01:03
entering extended mode
**./document_1.tex
(document_1.tex
LaTeX2e <2017-04-15>
Babel <3.15> and hyphenation patterns for 1 language(s) loaded.
(cisXXX.cls
Document Class: cisXXX 2016/07/05 CIS XXX Standard LaTeX document class
("D:\Program Files\MiKTeX 2.9\tex/latex\base\article.cls"
Document Class: article 2014/09/29 v1.4h Standard LaTeX document class
("D:\Program Files\MiKTeX 2.9\tex/latex\base\size11.clo"
File: size11.clo 2014/09/29 v1.4h Standard LaTeX file (size option)
)
\c@part=\count79
\c@section=\count80
\c@subsection=\count81
\c@subsubsection=\count82
\c@paragraph=\count83
\c@subparagraph=\count84
\c@figure=\count85
\c@table=\count86
\abovecaptionskip=\skip41
\belowcaptionskip=\skip42
\bibindent=\dimen102
)
("D:\Program Files\MiKTeX 2.9\tex/latex\geometry\geometry.sty"
Package: geometry 2010/09/12 v5.6 Page Geometry

("D:\Program Files\MiKTeX 2.9\tex/latex\graphics\keyval.sty"
Package: keyval 2014/10/28 v1.15 key=value parser (DPC)
\KV@toks@=\toks14
)
("D:\Program Files\MiKTeX 2.9\tex/generic\oberdiek\ifpdf.sty"
Package: ifpdf 2017/03/15 v3.2 Provides the ifpdf switch
)
("D:\Program Files\MiKTeX 2.9\tex/generic\oberdiek\ifvtex.sty"
Package: ifvtex 2016/05/16 v1.6 Detect VTeX and its facilities (HO)
Package ifvtex Info: VTeX not detected.
)
("D:\Program Files\MiKTeX 2.9\tex/generic\ifxetex\ifxetex.sty"
Package: ifxetex 2010/09/12 v0.6 Provides ifxetex conditional
)
\Gm@cnth=\count87
\Gm@cntv=\count88
\c@Gm@tempcnt=\count89
\Gm@bindingoffset=\dimen103
\Gm@wd@mp=\dimen104
\Gm@odd@mp=\dimen105
\Gm@even@mp=\dimen106
\Gm@layoutwidth=\dimen107
\Gm@layoutheight=\dimen108
\Gm@layouthoffset=\dimen109
\Gm@layoutvoffset=\dimen110
\Gm@dimlist=\toks15

("D:\Program Files\MiKTeX 2.9\tex/latex\geometry\geometry.cfg"))
("D:\Program Files\MiKTeX 2.9\tex/latex\base\ifthen.sty"
Package: ifthen 2014/09/29 v1.1c Standard LaTeX ifthen package (DPC)
)
(C:\Users\lenovo\AppData\Roaming\MiKTeX\2.9\tex\latex\titlesec\titlesec.sty
Package: titlesec 2016/03/21 v2.10.2 Sectioning titles
\ttl@box=\box26
\beforetitleunit=\skip43
\aftertitleunit=\skip44
\ttl@plus=\dimen111
\ttl@minus=\dimen112
\ttl@toksa=\toks16
\titlewidth=\dimen113
\titlewidthlast=\dimen114
\titlewidthfirst=\dimen115
)
\c@theHWproblem=\count90
\c@theHWsubproblem=\count91

(C:\Users\lenovo\AppData\Roaming\MiKTeX\2.9\tex\latex\fancyhdr\fancyhdr.sty
Package: fancyhdr 2017/06/30 v3.9a Extensive control of page headers and footer
s
\f@nch@headwidth=\skip45
\f@nch@O@elh=\skip46
\f@nch@O@erh=\skip47
\f@nch@O@olh=\skip48
\f@nch@O@orh=\skip49
\f@nch@O@elf=\skip50
\f@nch@O@erf=\skip51
\f@nch@O@olf=\skip52
\f@nch@O@orf=\skip53
))
("D:\Program Files\MiKTeX 2.9\tex/latex\graphics\graphicx.sty"
Package: graphicx 2017/06/01 v1.1a Enhanced LaTeX Graphics (DPC,SPQR)

("D:\Program Files\MiKTeX 2.9\tex/latex\graphics\graphics.sty"
Package: graphics 2017/06/25 v1.2c Standard LaTeX Graphics (DPC,SPQR)

("D:\Program Files\MiKTeX 2.9\tex/latex\graphics\trig.sty"
Package: trig 2016/01/03 v1.10 sin cos tan (DPC)
)
("D:\Program Files\MiKTeX 2.9\tex/latex\graphics-cfg\graphics.cfg"
File: graphics.cfg 2016/06/04 v1.11 sample graphics configuration
)
Package graphics Info: Driver file: pdftex.def on input line 99.

("D:\Program Files\MiKTeX 2.9\tex/latex\graphics-def\pdftex.def"
File: pdftex.def 2017/06/24 v1.0g Graphics/color driver for pdftex
))
\Gin@req@height=\dimen116
\Gin@req@width=\dimen117
)
("D:\Program Files\MiKTeX 2.9\tex/latex\amsmath\amsmath.sty"
Package: amsmath 2017/09/02 v2.17a AMS math features
\@mathmargin=\skip54

For additional information on amsmath, use the `?' option.
("D:\Program Files\MiKTeX 2.9\tex/latex\amsmath\amstext.sty"
Package: amstext 2000/06/29 v2.01 AMS text

("D:\Program Files\MiKTeX 2.9\tex/latex\amsmath\amsgen.sty"
File: amsgen.sty 1999/11/30 v2.0 generic functions
\@emptytoks=\toks17
\ex@=\dimen118
))
("D:\Program Files\MiKTeX 2.9\tex/latex\amsmath\amsbsy.sty"
Package: amsbsy 1999/11/29 v1.2d Bold Symbols
\pmbraise@=\dimen119
)
("D:\Program Files\MiKTeX 2.9\tex/latex\amsmath\amsopn.sty"
Package: amsopn 2016/03/08 v2.02 operator names
)
\inf@bad=\count92
LaTeX Info: Redefining \frac on input line 213.
\uproot@=\count93
\leftroot@=\count94
LaTeX Info: Redefining \overline on input line 375.
\classnum@=\count95
\DOTSCASE@=\count96
LaTeX Info: Redefining \ldots on input line 472.
LaTeX Info: Redefining \dots on input line 475.
LaTeX Info: Redefining \cdots on input line 596.
\Mathstrutbox@=\box27
\strutbox@=\box28
\big@size=\dimen120
LaTeX Font Info:    Redeclaring font encoding OML on input line 712.
LaTeX Font Info:    Redeclaring font encoding OMS on input line 713.
\macc@depth=\count97
\c@MaxMatrixCols=\count98
\dotsspace@=\muskip10
\c@parentequation=\count99
\dspbrk@lvl=\count100
\tag@help=\toks18
\row@=\count101
\column@=\count102
\maxfields@=\count103
\andhelp@=\toks19
\eqnshift@=\dimen121
\alignsep@=\dimen122
\tagshift@=\dimen123
\tagwidth@=\dimen124
\totwidth@=\dimen125
\lineht@=\dimen126
\@envbody=\toks20
\multlinegap=\skip55
\multlinetaggap=\skip56
\mathdisplay@stack=\toks21
LaTeX Info: Redefining \[ on input line 2817.
LaTeX Info: Redefining \] on input line 2818.
)
(C:\Users\lenovo\AppData\Roaming\MiKTeX\2.9\tex\latex\cjk\CJK.sty
Package: CJK 2015/04/18 4.8.4

(C:\Users\lenovo\AppData\Roaming\MiKTeX\2.9\tex\latex\cjk\mule\MULEenc.sty
Package: MULEenc 2015/04/18 4.8.4
)
(C:\Users\lenovo\AppData\Roaming\MiKTeX\2.9\tex\latex\cjk\CJK.enc
File: CJK.enc 2015/04/18 4.8.4
)
LaTeX Info: Redefining \selectfont on input line 755.
\CJK@indent=\box29
)
(document_1.aux

LaTeX Warning: Label `fig:label' multiply defined.


LaTeX Warning: Label `fig:label' multiply defined.


LaTeX Warning: Label `fig:label' multiply defined.


LaTeX Warning: Label `fig:label' multiply defined.


LaTeX Warning: Label `fig:label' multiply defined.


LaTeX Warning: Label `fig:label' multiply defined.


LaTeX Warning: Label `fig:label' multiply defined.

)
\openout1 = `document_1.aux'.

LaTeX Font Info:    Checking defaults for OML/cmm/m/it on input line 23.
LaTeX Font Info:    ... okay on input line 23.
LaTeX Font Info:    Checking defaults for T1/cmr/m/n on input line 23.
LaTeX Font Info:    ... okay on input line 23.
LaTeX Font Info:    Checking defaults for OT1/cmr/m/n on input line 23.
LaTeX Font Info:    ... okay on input line 23.
LaTeX Font Info:    Checking defaults for OMS/cmsy/m/n on input line 23.
LaTeX Font Info:    ... okay on input line 23.
LaTeX Font Info:    Checking defaults for OMX/cmex/m/n on input line 23.
LaTeX Font Info:    ... okay on input line 23.
LaTeX Font Info:    Checking defaults for U/cmr/m/n on input line 23.
LaTeX Font Info:    ... okay on input line 23.
LaTeX Font Info:    Checking defaults for C00/song/m/n on input line 23.
LaTeX Font Info:    ... okay on input line 23.
LaTeX Font Info:    Checking defaults for C05/song/m/n on input line 23.
LaTeX Font Info:    ... okay on input line 23.
LaTeX Font Info:    Checking defaults for C09/song/m/n on input line 23.
LaTeX Font Info:    ... okay on input line 23.
LaTeX Font Info:    Checking defaults for C10/song/m/n on input line 23.
LaTeX Font Info:    ... okay on input line 23.
LaTeX Font Info:    Checking defaults for C20/song/m/n on input line 23.
LaTeX Font Info:    ... okay on input line 23.
LaTeX Font Info:    Checking defaults for C19/song/m/n on input line 23.
LaTeX Font Info:    ... okay on input line 23.
LaTeX Font Info:    Checking defaults for C40/song/m/n on input line 23.
LaTeX Font Info:    ... okay on input line 23.
LaTeX Font Info:    Checking defaults for C42/song/m/n on input line 23.
LaTeX Font Info:    ... okay on input line 23.
LaTeX Font Info:    Checking defaults for C43/song/m/n on input line 23.
LaTeX Font Info:    ... okay on input line 23.
LaTeX Font Info:    Checking defaults for C50/song/m/n on input line 23.
LaTeX Font Info:    ... okay on input line 23.
LaTeX Font Info:    Checking defaults for C52/song/m/n on input line 23.
LaTeX Font Info:    ... okay on input line 23.
LaTeX Font Info:    Checking defaults for C49/song/m/n on input line 23.
LaTeX Font Info:    ... okay on input line 23.
LaTeX Font Info:    Checking defaults for C60/mj/m/n on input line 23.
LaTeX Font Info:    ... okay on input line 23.
LaTeX Font Info:    Checking defaults for C61/mj/m/n on input line 23.
LaTeX Font Info:    ... okay on input line 23.
LaTeX Font Info:    Checking defaults for C63/mj/m/n on input line 23.
LaTeX Font Info:    ... okay on input line 23.
LaTeX Font Info:    Checking defaults for C64/mj/m/n on input line 23.
LaTeX Font Info:    ... okay on input line 23.
LaTeX Font Info:    Checking defaults for C65/mj/m/n on input line 23.
LaTeX Font Info:    ... okay on input line 23.
LaTeX Font Info:    Checking defaults for C70/song/m/n on input line 23.
LaTeX Font Info:    ... okay on input line 23.
LaTeX Font Info:    Checking defaults for C31/song/m/n on input line 23.
LaTeX Font Info:    ... okay on input line 23.
LaTeX Font Info:    Checking defaults for C32/song/m/n on input line 23.
LaTeX Font Info:    ... okay on input line 23.
LaTeX Font Info:    Checking defaults for C33/song/m/n on input line 23.
LaTeX Font Info:    ... okay on input line 23.
LaTeX Font Info:    Checking defaults for C34/song/m/n on input line 23.
LaTeX Font Info:    ... okay on input line 23.
LaTeX Font Info:    Checking defaults for C35/song/m/n on input line 23.
LaTeX Font Info:    ... okay on input line 23.
LaTeX Font Info:    Checking defaults for C36/song/m/n on input line 23.
LaTeX Font Info:    ... okay on input line 23.
LaTeX Font Info:    Checking defaults for C37/song/m/n on input line 23.
LaTeX Font Info:    ... okay on input line 23.
LaTeX Font Info:    Checking defaults for C80/song/m/n on input line 23.
LaTeX Font Info:    ... okay on input line 23.
LaTeX Font Info:    Checking defaults for C81/song/m/n on input line 23.
LaTeX Font Info:    ... okay on input line 23.
LaTeX Font Info:    Checking defaults for C01/song/m/n on input line 23.
LaTeX Font Info:    ... okay on input line 23.
LaTeX Font Info:    Checking defaults for C11/song/m/n on input line 23.
LaTeX Font Info:    ... okay on input line 23.
LaTeX Font Info:    Checking defaults for C21/song/m/n on input line 23.
LaTeX Font Info:    ... okay on input line 23.
LaTeX Font Info:    Checking defaults for C41/song/m/n on input line 23.
LaTeX Font Info:    ... okay on input line 23.
LaTeX Font Info:    Checking defaults for C62/song/m/n on input line 23.
LaTeX Font Info:    ... okay on input line 23.

*geometry* driver: auto-detecting
*geometry* detected driver: pdftex
*geometry* verbose mode - [ preamble ] result:
* driver: pdftex
* paper: <default>
* layout: <same size as paper>
* layoutoffset:(h,v)=(0.0pt,0.0pt)
* modes: 
* h-part:(L,W,R)=(71.13188pt, 455.24411pt, 71.13188pt)
* v-part:(T,H,B)=(101.40665pt, 672.50832pt, 71.13188pt)
* \paperwidth=597.50787pt
* \paperheight=845.04684pt
* \textwidth=455.24411pt
* \textheight=672.50832pt
* \oddsidemargin=-1.1381pt
* \evensidemargin=-1.1381pt
* \topmargin=-52.76884pt
* \headheight=56.9055pt
* \headsep=25.0pt
* \topskip=11.0pt
* \footskip=30.0pt
* \marginparwidth=50.0pt
* \marginparsep=10.0pt
* \columnsep=10.0pt
* \skip\footins=10.0pt plus 4.0pt minus 2.0pt
* \hoffset=0.0pt
* \voffset=0.0pt
* \mag=1000
* \@twocolumnfalse
* \@twosidefalse
* \@mparswitchfalse
* \@reversemarginfalse
* (1in=72.27pt=25.4mm, 1cm=28.453pt)

(C:\Users\lenovo\AppData\Roaming\MiKTeX\2.9\tex\context\base\supp-pdf.mkii
[Loading MPS to PDF converter (version 2006.09.02).]
\scratchcounter=\count104
\scratchdimen=\dimen127
\scratchbox=\box30
\nofMPsegments=\count105
\nofMParguments=\count106
\everyMPshowfont=\toks22
\MPscratchCnt=\count107
\MPscratchDim=\dimen128
\MPnumerator=\count108
\makeMPintoPDFobject=\count109
\everyMPtoPDFconversion=\toks23
) ("D:\Program Files\MiKTeX 2.9\tex/latex\oberdiek\epstopdf-base.sty"
Package: epstopdf-base 2016/05/15 v2.6 Base part for package epstopdf

("D:\Program Files\MiKTeX 2.9\tex/generic\oberdiek\infwarerr.sty"
Package: infwarerr 2016/05/16 v1.4 Providing info/warning/error messages (HO)
)
("D:\Program Files\MiKTeX 2.9\tex/latex\oberdiek\grfext.sty"
Package: grfext 2016/05/16 v1.2 Manage graphics extensions (HO)

("D:\Program Files\MiKTeX 2.9\tex/generic\oberdiek\kvdefinekeys.sty"
Package: kvdefinekeys 2016/05/16 v1.4 Define keys (HO)

("D:\Program Files\MiKTeX 2.9\tex/generic\oberdiek\ltxcmds.sty"
Package: ltxcmds 2016/05/16 v1.23 LaTeX kernel commands for general use (HO)
)))
("D:\Program Files\MiKTeX 2.9\tex/latex\oberdiek\kvoptions.sty"
Package: kvoptions 2016/05/16 v3.12 Key value format for package options (HO)

("D:\Program Files\MiKTeX 2.9\tex/generic\oberdiek\kvsetkeys.sty"
Package: kvsetkeys 2016/05/16 v1.17 Key value parser (HO)

("D:\Program Files\MiKTeX 2.9\tex/generic\oberdiek\etexcmds.sty"
Package: etexcmds 2016/05/16 v1.6 Avoid name clashes with e-TeX commands (HO)

("D:\Program Files\MiKTeX 2.9\tex/generic\oberdiek\ifluatex.sty"
Package: ifluatex 2016/05/16 v1.4 Provides the ifluatex switch (HO)
Package ifluatex Info: LuaTeX not detected.
)
Package etexcmds Info: Could not find \expanded.
(etexcmds)             That can mean that you are not using pdfTeX 1.50 or
(etexcmds)             that some package has redefined \expanded.
(etexcmds)             In the latter case, load this package earlier.
)))
("D:\Program Files\MiKTeX 2.9\tex/generic\oberdiek\pdftexcmds.sty"
Package: pdftexcmds 2017/03/19 v0.25 Utility functions of pdfTeX for LuaTeX (HO
)
Package pdftexcmds Info: LuaTeX not detected.
Package pdftexcmds Info: \pdf@primitive is available.
Package pdftexcmds Info: \pdf@ifprimitive is available.
Package pdftexcmds Info: \pdfdraftmode found.
)
Package epstopdf-base Info: Redefining graphics rule for `.eps' on input line 4
38.
Package grfext Info: Graphics extension search list:
(grfext)             [.pdf,.png,.jpg,.mps,.jpeg,.jbig2,.jb2,.PDF,.PNG,.JPG,.JPE
G,.JBIG2,.JB2,.eps]
(grfext)             \AppendGraphicsExtensions on input line 456.
)
(C:\Users\lenovo\AppData\Roaming\MiKTeX\2.9\tex\latex\cjk\UTF8\UTF8.bdg
File: UTF8.bdg 2015/04/18 4.8.4
)
(C:\Users\lenovo\AppData\Roaming\MiKTeX\2.9\tex\latex\cjk\UTF8\UTF8.enc
File: UTF8.enc 2015/04/18 4.8.4
)
(C:\Users\lenovo\AppData\Roaming\MiKTeX\2.9\tex\latex\cjk\UTF8\UTF8.chr
File: UTF8.chr 2015/04/18 4.8.4
)
LaTeX Font Info:    Try loading font information for C70+gbsn on input line 29.


(C:\Users\lenovo\AppData\Roaming\MiKTeX\2.9\tex\latex\cjk\UTF8\c70gbsn.fd
File: c70gbsn.fd 2015/04/18 4.8.4
)
(C:\Users\lenovo\AppData\Roaming\MiKTeX\2.9\tex\latex\cjk\UTF8\c70gbsn.fdx
File: c70gbsn.fdx 2015/04/18 4.8.4
)
Underfull \hbox (badness 10000) in paragraph at lines 29--31

 []

<1_1.png, id=1, 1005.7575pt x 760.8425pt>
File: 1_1.png Graphic file (type png)
<use 1_1.png>
Package pdftex.def Info: 1_1.png  used on input line 48. on input line 48.
Package pdftex.def Info: Requested size: 199.16823pt x 199.16109pt on input lin
e 48.
<1_2.png, id=2, 816.04875pt x 731.73375pt>
File: 1_2.png Graphic file (type png)
<use 1_2.png>
Package pdftex.def Info: 1_2.png  used on input line 60. on input line 60.
Package pdftex.def Info: Requested size: 256.07301pt x 199.16739pt on input lin
e 60.
[1

{C:/Users/lenovo/AppData/Local/MiKTeX/2.9/pdftex/config/pdftex.map} <./1_1.png 
(PNG copy)>]
<1_3.png, id=33, 695.59875pt x 682.55pt>
File: 1_3.png Graphic file (type png)
<use 1_3.png>
Package pdftex.def Info: 1_3.png  used on input line 72. on input line 72.
Package pdftex.def Info: Requested size: 199.1605pt x 199.16338pt on input line
 72.
<1_4.png, id=34, 924.45375pt x 967.615pt>
File: 1_4.png Graphic file (type png)
<use 1_4.png>
Package pdftex.def Info: 1_4.png  used on input line 82. on input line 82.
Package pdftex.def Info: Requested size: 199.16275pt x 199.15965pt on input lin
e 82.

Underfull \hbox (badness 10000) in paragraph at lines 78--91

 []


Underfull \hbox (badness 10000) in paragraph at lines 78--91

 []


Underfull \hbox (badness 10000) in paragraph at lines 78--91

 []


Underfull \hbox (badness 10000) in paragraph at lines 78--91

 []


Underfull \hbox (badness 10000) in paragraph at lines 78--91

 []

[2 <./1_2.png (PNG copy)> <./1_3.png (PNG copy)>]
<1_5.png, id=38, 1129.21875pt x 1373.13pt>
File: 1_5.png Graphic file (type png)
<use 1_5.png>
Package pdftex.def Info: 1_5.png  used on input line 101. on input line 101.
Package pdftex.def Info: Requested size: 199.16698pt x 199.15112pt on input lin
e 101.
<1_6.png, id=39, 996.72375pt x 1132.23pt>
File: 1_6.png Graphic file (type png)
<use 1_6.png>
Package pdftex.def Info: 1_6.png  used on input line 112. on input line 112.
Package pdftex.def Info: Requested size: 199.1587pt x 199.16252pt on input line
 112.

Underfull \hbox (badness 10000) in paragraph at lines 108--119

 []


Underfull \hbox (badness 10000) in paragraph at lines 108--119

 []


Underfull \hbox (badness 10000) in paragraph at lines 108--119

 []

[3 <./1_4.png> <./1_5.png>]
Underfull \hbox (badness 10000) in paragraph at lines 123--125

 []

<2.png, id=43, 736.7525pt x 766.865pt>
File: 2.png Graphic file (type png)
<use 2.png>
Package pdftex.def Info: 2.png  used on input line 131. on input line 131.
Package pdftex.def Info: Requested size: 199.16191pt x 199.16957pt on input lin
e 131.

Underfull \hbox (badness 10000) in paragraph at lines 137--139

 []

[4 <./1_6.png> <./2.png>]
Underfull \hbox (badness 10000) in paragraph at lines 144--146

 []


Underfull \hbox (badness 10000) in paragraph at lines 149--151

 []


Underfull \hbox (badness 10000) in paragraph at lines 168--171

 []


Underfull \hbox (badness 10000) in paragraph at lines 174--175

 []

<5.png, id=64, 1369.115pt x 1139.25626pt>
File: 5.png Graphic file (type png)
<use 5.png>
Package pdftex.def Info: 5.png  used on input line 190. on input line 190.
Package pdftex.def Info: Requested size: 199.15376pt x 199.16423pt on input lin
e 190.

Underfull \hbox (badness 10000) in paragraph at lines 194--203

 []


Underfull \hbox (badness 10000) in paragraph at lines 194--203

 []


Underfull \hbox (badness 10000) in paragraph at lines 194--203

 []


Underfull \hbox (badness 10000) in paragraph at lines 194--203

 []


Underfull \hbox (badness 10000) in paragraph at lines 194--203

 []


Underfull \hbox (badness 10000) in paragraph at lines 194--203

 []


Underfull \hbox (badness 10000) in paragraph at lines 194--203

 []


Underfull \hbox (badness 10000) in paragraph at lines 194--203

 []


Underfull \hbox (badness 10000) in paragraph at lines 194--203

 []

[5]
Underfull \hbox (badness 10000) in paragraph at lines 219--222

 []


Underfull \hbox (badness 10000) in paragraph at lines 229--232

 []


Underfull \hbox (badness 10000) in paragraph at lines 238--241

 []


Underfull \hbox (badness 10000) in paragraph at lines 242--244

 []


Underfull \hbox (badness 10000) in paragraph at lines 245--247

 []


Underfull \hbox (badness 10000) in paragraph at lines 248--250

 []


Underfull \hbox (badness 10000) in paragraph at lines 251--253

 []

[6 <./5.png>]
Underfull \hbox (badness 10000) in paragraph at lines 254--256

 []


Underfull \hbox (badness 10000) in paragraph at lines 270--272

 []


Underfull \hbox (badness 10000) in paragraph at lines 273--275

 []


Underfull \hbox (badness 10000) in paragraph at lines 278--281

 []

[7] (document_1.aux)

LaTeX Warning: There were multiply-defined labels.

 ) 
Here is how much of TeX's memory you used:
 4231 strings out of 495211
 55326 string characters out of 3181629
 122515 words of memory out of 3000000
 7420 multiletter control sequences out of 15000+200000
 21717 words of font info for 78 fonts, out of 3000000 for 9000
 14 hyphenation exceptions out of 8191
 41i,11n,45p,498b,373s stack positions out of 5000i,500n,10000p,200000b,50000s
<D:/Program Files/MiKTeX 2.9/fonts/type1/public/amsfonts/cm/cmbx10.pfb><D:/Pr
ogram Files/MiKTeX 2.9/fonts/type1/public/amsfonts/cm/cmbx12.pfb><D:/Program Fi
les/MiKTeX 2.9/fonts/type1/public/amsfonts/cm/cmmi10.pfb><D:/Program Files/MiKT
eX 2.9/fonts/type1/public/amsfonts/cm/cmr10.pfb><D:/Program Files/MiKTeX 2.9/fo
nts/type1/public/amsfonts/cm/cmr12.pfb><D:/Program Files/MiKTeX 2.9/fonts/type1
/public/amsfonts/cm/cmr17.pfb><D:/Program Files/MiKTeX 2.9/fonts/type1/public/a
msfonts/cm/cmsy10.pfb><D:/Program Files/MiKTeX 2.9/fonts/type1/public/amsfonts/
cm/cmsy8.pfb><C:/Users/lenovo/AppData/Roaming/MiKTeX/2.9/fonts/type1/arphic/gbs
nu/gbsnu30.pfb><C:/Users/lenovo/AppData/Roaming/MiKTeX/2.9/fonts/type1/arphic/g
bsnu/gbsnu4e.pfb><C:/Users/lenovo/AppData/Roaming/MiKTeX/2.9/fonts/type1/arphic
/gbsnu/gbsnu4f.pfb><C:/Users/lenovo/AppData/Roaming/MiKTeX/2.9/fonts/type1/arph
ic/gbsnu/gbsnu51.pfb><C:/Users/lenovo/AppData/Roaming/MiKTeX/2.9/fonts/type1/ar
phic/gbsnu/gbsnu52.pfb><C:/Users/lenovo/AppData/Roaming/MiKTeX/2.9/fonts/type1/
arphic/gbsnu/gbsnu53.pfb><C:/Users/lenovo/AppData/Roaming/MiKTeX/2.9/fonts/type
1/arphic/gbsnu/gbsnu54.pfb><C:/Users/lenovo/AppData/Roaming/MiKTeX/2.9/fonts/ty
pe1/arphic/gbsnu/gbsnu55.pfb><C:/Users/lenovo/AppData/Roaming/MiKTeX/2.9/fonts/
type1/arphic/gbsnu/gbsnu56.pfb><C:/Users/lenovo/AppData/Roaming/MiKTeX/2.9/font
s/type1/arphic/gbsnu/gbsnu57.pfb><C:/Users/lenovo/AppData/Roaming/MiKTeX/2.9/fo
nts/type1/arphic/gbsnu/gbsnu59.pfb><C:/Users/lenovo/AppData/Roaming/MiKTeX/2.9/
fonts/type1/arphic/gbsnu/gbsnu5b.pfb><C:/Users/lenovo/AppData/Roaming/MiKTeX/2.
9/fonts/type1/arphic/gbsnu/gbsnu5c.pfb><C:/Users/lenovo/AppData/Roaming/MiKTeX/
2.9/fonts/type1/arphic/gbsnu/gbsnu5d.pfb><C:/Users/lenovo/AppData/Roaming/MiKTe
X/2.9/fonts/type1/arphic/gbsnu/gbsnu5e.pfb><C:/Users/lenovo/AppData/Roaming/MiK
TeX/2.9/fonts/type1/arphic/gbsnu/gbsnu5f.pfb><C:/Users/lenovo/AppData/Roaming/M
iKTeX/2.9/fonts/type1/arphic/gbsnu/gbsnu62.pfb><C:/Users/lenovo/AppData/Roaming
/MiKTeX/2.9/fonts/type1/arphic/gbsnu/gbsnu63.pfb><C:/Users/lenovo/AppData/Roami
ng/MiKTeX/2.9/fonts/type1/arphic/gbsnu/gbsnu65.pfb><C:/Users/lenovo/AppData/Roa
ming/MiKTeX/2.9/fonts/type1/arphic/gbsnu/gbsnu66.pfb><C:/Users/lenovo/AppData/R
oaming/MiKTeX/2.9/fonts/type1/arphic/gbsnu/gbsnu67.pfb><C:/Users/lenovo/AppData
/Roaming/MiKTeX/2.9/fonts/type1/arphic/gbsnu/gbsnu68.pfb><C:/Users/lenovo/AppDa
ta/Roaming/MiKTeX/2.9/fonts/type1/arphic/gbsnu/gbsnu6b.pfb><C:/Users/lenovo/App
Data/Roaming/MiKTeX/2.9/fonts/type1/arphic/gbsnu/gbsnu6c.pfb><C:/Users/lenovo/A
ppData/Roaming/MiKTeX/2.9/fonts/type1/arphic/gbsnu/gbsnu6e.pfb><C:/Users/lenovo
/AppData/Roaming/MiKTeX/2.9/fonts/type1/arphic/gbsnu/gbsnu74.pfb><C:/Users/leno
vo/AppData/Roaming/MiKTeX/2.9/fonts/type1/arphic/gbsnu/gbsnu75.pfb><C:/Users/le
novo/AppData/Roaming/MiKTeX/2.9/fonts/type1/arphic/gbsnu/gbsnu76.pfb><C:/Users/
lenovo/AppData/Roaming/MiKTeX/2.9/fonts/type1/arphic/gbsnu/gbsnu77.pfb><C:/User
s/lenovo/AppData/Roaming/MiKTeX/2.9/fonts/type1/arphic/gbsnu/gbsnu7b.pfb><C:/Us
ers/lenovo/AppData/Roaming/MiKTeX/2.9/fonts/type1/arphic/gbsnu/gbsnu7d.pfb><C:/
Users/lenovo/AppData/Roaming/MiKTeX/2.9/fonts/type1/arphic/gbsnu/gbsnu7e.pfb><C
:/Users/lenovo/AppData/Roaming/MiKTeX/2.9/fonts/type1/arphic/gbsnu/gbsnu80.pfb>
<C:/Users/lenovo/AppData/Roaming/MiKTeX/2.9/fonts/type1/arphic/gbsnu/gbsnu86.pf
b><C:/Users/lenovo/AppData/Roaming/MiKTeX/2.9/fonts/type1/arphic/gbsnu/gbsnu88.
pfb><C:/Users/lenovo/AppData/Roaming/MiKTeX/2.9/fonts/type1/arphic/gbsnu/gbsnu8
9.pfb><C:/Users/lenovo/AppData/Roaming/MiKTeX/2.9/fonts/type1/arphic/gbsnu/gbsn
u8a.pfb><C:/Users/lenovo/AppData/Roaming/MiKTeX/2.9/fonts/type1/arphic/gbsnu/gb
snu8b.pfb><C:/Users/lenovo/AppData/Roaming/MiKTeX/2.9/fonts/type1/arphic/gbsnu/
gbsnu8d.pfb><C:/Users/lenovo/AppData/Roaming/MiKTeX/2.9/fonts/type1/arphic/gbsn
u/gbsnu8f.pfb><C:/Users/lenovo/AppData/Roaming/MiKTeX/2.9/fonts/type1/arphic/gb
snu/gbsnu90.pfb><C:/Users/lenovo/AppData/Roaming/MiKTeX/2.9/fonts/type1/arphic/
gbsnu/gbsnu91.pfb><C:/Users/lenovo/AppData/Roaming/MiKTeX/2.9/fonts/type1/arphi
c/gbsnu/gbsnu96.pfb><C:/Users/lenovo/AppData/Roaming/MiKTeX/2.9/fonts/type1/arp
hic/gbsnu/gbsnu98.pfb><C:/Users/lenovo/AppData/Roaming/MiKTeX/2.9/fonts/type1/a
rphic/gbsnu/gbsnuff.pfb>
Output written on document_1.pdf (7 pages, 954626 bytes).
PDF statistics:
 246 PDF objects out of 1000 (max. 8388607)
 0 named destinations out of 1000 (max. 500000)
 41 words of extra memory for PDF output out of 10000 (max. 10000000)

